<?xml version="1.0" encoding="UTF-8"?>
<!-- Generated by org.testng.reporters.JUnitReportReporter -->
<testsuite hostname="AR-IT23395" failures="0" tests="1" name="MyFirstTest" time="7.261" errors="0" timestamp="2023-09-08T10:58:42 ART" skipped="0">
  <testcase classname="MyFirstTest" name="openGlobantWebTest" time="7.261"/>
  <system-out/>
</testsuite> <!-- MyFirstTest -->
