<?xml version="1.0" encoding="UTF-8"?>
<!-- Generated by org.testng.reporters.JUnitReportReporter -->
<testsuite hostname="AR-IT23395" failures="0" tests="1" name="MyFirstTest" time="3.261" errors="0" timestamp="2023-09-11T12:11:04 ART" skipped="0">
  <testcase classname="MyFirstTest" name="openGlobantWebTest" time="3.261"/>
  <system-out/>
</testsuite> <!-- MyFirstTest -->
